<?xml version="1.0" encoding="UTF-8"?>
<!-- Generated by org.testng.reporters.JUnitReportReporter -->
<testsuite hostname="This-Lenovo" failures="0" tests="1" name="com.Testscenarios.Alertdemo" time="3.445" errors="0" timestamp="2025-05-06T18:25:52 EDT" skipped="0">
  <testcase classname="com.Testscenarios.Alertdemo" name="f" time="3.445"/>
</testsuite> <!-- com.Testscenarios.Alertdemo -->
