<?xml version="1.0" encoding="UTF-8"?>
<!-- Generated by org.testng.reporters.JUnitReportReporter -->
<testsuite hostname="This-Lenovo" failures="0" tests="1" name="com.Testscenarios.corntab" time="3.138" errors="0" timestamp="2025-05-07T22:46:52 EDT" skipped="0">
  <testcase classname="com.Testscenarios.corntab" name="f" time="3.138"/>
</testsuite> <!-- com.Testscenarios.corntab -->
